2022-08-22 15:22:04,758 - ontolearn.abstracts:293 - INFO - Number of named classes: 18
Number of individuals: 202
Number of properties: 4
2022-08-22 15:22:04,762 - ontolearn.knowledge_base:216 - INFO - Concepts to ignore: Grandparent Grandfather Daughter Child Grandmother Grandchild Sister Mother Father PersonWithASibling Granddaughter Son Grandson Brother Parent
2022-08-22 15:22:04,824 - ontolearn.knowledge_base:383 - INFO - E^+:[ F6F77, F9F143, F9F152, F7F114, F6F96, F6F84, F2F14, F2F26, F7F121, F10F192, F9F141, F9F154, F10F186, F3F52, F7F116, F7F106, F10F181, F9F150, F9F163, F10F179, F3F53, F2F28, F6F91, F9F158, F9F160, F2F36, F7F119, F6F93, F10F195, F10F193, F2F19, F5F62, F6F101, F7F126, F2F12, F10F174, F9F168, F6F72, F6F86, F9F148, F6F79 ]
2022-08-22 15:22:04,825 - ontolearn.knowledge_base:384 - INFO - E^-:[ F5M66, F6M71, F2M37, F7M131, F6M81, F2F15, F10F200, F8F135, F9M146, F10M188, F2F10, F9M170, F4F55, F7F118, F7F111, F5F65, F7F129, F8F133, F9F156, F6M69, F9F169, F4M59, F7M107, F6M99, F10F189, F7M104, F2F22, F2F30, F6M100, F10M199, F9M142, F9F164, F4M57, F6F97, F3F48, F8M136, F1M1, F6F74, F9F145, F2M13, F9M151 ]
2022-08-22 15:32:04,831 - ontolearn.base_concept_learner:134 - INFO - Elapsed runtime: 600.0002 seconds
2022-08-22 15:32:04,838 - ontolearn.base_concept_learner:135 - INFO - Number of concepts tested: 321956
2022-08-22 15:32:04,839 - ontolearn.base_concept_learner:140 - INFO - Current best concept: <class 'ontolearn.search.OENode'> at 0x6d04	(∃ hasSibling.(∃ hasChild.⊤)) ⊔ (∃ married.(∃ hasSibling.(∃ hasChild.⊤)))	Quality:0.90244	Heuristic:0.02707	Depth:11	H_exp:16	|RC|:14	|Indv.|:None
2022-08-22 15:32:05,353 - ontolearn.knowledge_base:383 - INFO - E^+:[ F6M71, F9M153, F2M11, F7M123, F9M162, F7M125, F7M131, F6M92, F7M117, F2M18, F6M81, F6M90, F7M115, F6M100, F9M157, F10M183, F10M199, F9M151, F3M44, F10M188, F9M159, F7M113, F5M64, F10M184, F3M45, F9M167, F10M173, F2M13, F9M166, F2M32 ]
2022-08-22 15:32:05,354 - ontolearn.knowledge_base:384 - INFO - E^-:[ F3M47, F6M88, F3F42, F10M196, F9F158, F7M104, F2F26, F2F24, F9F154, F10M194, F1M8, F6F89, F9M149, F3F41, F6M78, F7M120, F3M50, F6F83, F9F164, F9M147, F2F19, F7F103, F4F58, F1M1, F2F12, F10F174, F7M109, F6F76, F1F5, F6F79 ]
2022-08-22 15:32:49,539 - ontolearn.base_concept_learner:134 - INFO - Elapsed runtime: 44.1821 seconds
2022-08-22 15:32:49,540 - ontolearn.base_concept_learner:135 - INFO - Number of concepts tested: 36890
2022-08-22 15:32:49,541 - ontolearn.base_concept_learner:140 - INFO - Current best concept: <class 'ontolearn.search.OENode'> at 0x3219	Brother	Quality:1.0	Heuristic:1.025	Depth:3	H_exp:1	|RC|:0	|Indv.|:None
2022-08-22 15:32:49,626 - ontolearn.knowledge_base:383 - INFO - E^+:[ F2M39, F9F143, F9M153, F7F114, F7M131, F2F14, F6M81, F6F82, F9F154, F10M194, F2F15, F9M159, F7F118, F10M184, F2M31, F9F163, F9M166, F10M178, F9M161, F2M16, F10F189, F7M123, F6F87, F6M88, F9M165, F9F160, F2F22, F2F30, F6M100, F10F175, F10F193, F2F38, F9F164, F9F145, F9F148, F6F79, F6M73, F6M95, F9F152, F7F124, F7M117, F10F192, F10F185, F9M149, F9M146, F10M188, F9M170, F7M113, F10M176, F9F150, F9F156, F7F108, F7M109, F9M144, F9F169, F9M162, F6F91, F6F94, F6M90, F2M21, F10M197, F10M183, F10F177, F10F198, F6F86, F9M155, F6F101, F6F74, F2M13, F9M151, F6M80 ]
2022-08-22 15:32:49,627 - ontolearn.knowledge_base:384 - INFO - E^-:[ F7M128, F3M47, F2M29, F6F96, F2M34, F8M134, F3F52, F7M120, F2F10, F4F56, F1M6, F3M45, F7F116, F5F65, F8M138, F5M60, F10F179, F1F2, F10M190, F7M115, F6F93, F3M50, F5M68, F9M147, F3F48, F9F140, F2F12, F7M130, F2M9, F9F168, F8F137, F10M187, F6M71, F2M25, F4M54, F2M11, F6M85, F10M196, F7F105, F2F26, F5F67, F3F49, F3F41, F2M27, F7F111, F5M63, F4F58, F2M23, F7F129, F8F133, F7M107, F3F53, F6F70, F3F42, F3F46, F2M35, F3M40, F7F119, F10F195, F9M142, F4M57, F8M132, F10M180, F6F97, F8M136, F3M51, F10M173, F6M75, F2F24, F1F7, F2F33 ]
2022-08-22 15:33:16,160 - ontolearn.base_concept_learner:134 - INFO - Elapsed runtime: 26.5296 seconds
2022-08-22 15:33:16,161 - ontolearn.base_concept_learner:135 - INFO - Number of concepts tested: 28186
2022-08-22 15:33:16,162 - ontolearn.base_concept_learner:140 - INFO - Current best concept: <class 'ontolearn.search.OENode'> at 0x8d89	(∃ hasParent.(∃ hasSibling.Parent)) ⊔ (∃ married.(∃ hasParent.(∃ hasSibling.Parent)))	Quality:1.0	Heuristic:0.41056	Depth:19	H_exp:13	|RC|:0	|Indv.|:None
2022-08-22 15:33:16,196 - ontolearn.knowledge_base:216 - INFO - Concepts to ignore: Grandparent Grandfather Daughter Child Grandmother Grandchild Sister Mother Father PersonWithASibling Granddaughter Son Grandson Brother Parent
2022-08-22 15:33:16,240 - ontolearn.knowledge_base:383 - INFO - E^+:[ F9F143, F6F96, F7F121, F10F192, F2F15, F6F89, F3F52, F3F49, F6F79, F7F118, F4F58, F7F106, F7F129, F9F150, F7F108, F9F169, F1F5, F3F53, F10F201, F6F87, F6F94, F2F30, F2F17, F7F119, F10F177, F10F175, F7F127, F10F193, F2F38, F6F83, F9F164, F6F97, F9F145, F6F86, F9F148, F1F7, F2F33 ]
2022-08-22 15:33:16,241 - ontolearn.knowledge_base:384 - INFO - E^-:[ F6F77, F9F152, F2M37, F7M131, F10M196, F6F84, F2F14, F10F185, F9M149, F10M188, F5F65, F10M202, F9F163, F7M112, F2M16, F6M88, F7M123, F3F46, F9M162, F7M122, F2M35, F2F22, F9M157, F10M183, F10F195, F5M68, F4M57, F9M147, F2F19, F9M155, F8M136, F7F126, F6F74, F7M130, F2M13, F7M102, F5M60 ]
2022-08-22 15:43:16,256 - ontolearn.base_concept_learner:134 - INFO - Elapsed runtime: 600.0117 seconds
2022-08-22 15:43:16,265 - ontolearn.base_concept_learner:135 - INFO - Number of concepts tested: 339938
2022-08-22 15:43:16,266 - ontolearn.base_concept_learner:140 - INFO - Current best concept: <class 'ontolearn.search.OENode'> at 0xadf2	∃ hasParent.((∃ hasChild.Female) ⊓ (∃ hasParent.⊤))	Quality:0.97297	Heuristic:0.15351	Depth:4	H_exp:13	|RC|:26	|Indv.|:None
2022-08-22 15:43:16,859 - ontolearn.knowledge_base:383 - INFO - E^+:[ F10M187, F6M71, F9M153, F2M11, F2M29, F2M37, F6M85, F7M125, F7M131, F10M196, F6M92, F10M194, F9M149, F2M27, F7M120, F9M159, F7M113, F5M63, F9M144, F2M32, F7M107, F2M20, F9M162, F10M182, F7M122, F6M90, F7M115, F6M100, F9M157, F6M78, F9M142, F10M180, F9M167, F10M173, F2M13, F9M151, F6M80, F3M44 ]
2022-08-22 15:43:16,861 - ontolearn.knowledge_base:384 - INFO - E^-:[ F6M95, F2F14, F7M117, F2F26, F6F82, F8M134, F5F67, F6F89, F1F3, F10M188, F4F55, F7F103, F10F191, F5F65, F9F156, F7F108, F3F53, F1F2, F10F189, F3M43, F2F28, F9M165, F9F160, F2F22, F2F36, F6F94, F7F119, F10F198, F2F38, F9M147, F5M64, F2F12, F10F174, F2M9, F6F76, F6F86, F9F148, F5M60 ]
2022-08-22 15:49:32,094 - ontolearn.base_concept_learner:134 - INFO - Elapsed runtime: 375.2303 seconds
2022-08-22 15:49:32,100 - ontolearn.base_concept_learner:135 - INFO - Number of concepts tested: 347708
2022-08-22 15:49:32,101 - ontolearn.base_concept_learner:140 - INFO - Current best concept: <class 'ontolearn.search.OENode'> at 0xe74a	Male ⊓ ((∃ married.(∃ hasSibling.Parent)) ⊔ (∃ hasSibling.Parent))	Quality:1.0	Heuristic:0.5079	Depth:13	H_exp:11	|RC|:0	|Indv.|:None
2022-08-22 15:49:32,595 - ontolearn.knowledge_base:383 - INFO - E^+:[ F7M107, F2M20, F9M139, F2M29, F3M43, F7M122, F7M104, F6M92, F3M40, F10M171, F9M142, F8M132, F3M45, F2M9, F6M69, F7M102, F5M60 ]
2022-08-22 15:49:32,595 - ontolearn.knowledge_base:384 - INFO - E^-:[ F7M128, F3F53, F10M182, F7F105, F2M34, F6M81, F10M190, F2F17, F8M134, F7M120, F6F101, F10M173, F7F106, F7F129, F9F168, F7M109, F9F169 ]
2022-08-22 15:49:37,965 - ontolearn.base_concept_learner:134 - INFO - Elapsed runtime: 5.3676 seconds
2022-08-22 15:49:37,965 - ontolearn.base_concept_learner:135 - INFO - Number of concepts tested: 5224
2022-08-22 15:49:37,967 - ontolearn.base_concept_learner:140 - INFO - Current best concept: <class 'ontolearn.search.OENode'> at 0x53c8	Grandfather ⊓ (∃ hasChild.Grandparent)	Quality:1.0	Heuristic:0.81765	Depth:8	H_exp:5	|RC|:0	|Indv.|:None
