2022-09-19 15:34:07,005 - ontolearn.abstracts:293 - INFO - Number of named classes: 18
Number of individuals: 202
Number of properties: 4
2022-09-19 15:34:07,018 - ontolearn.knowledge_base:216 - INFO - Concepts to ignore: Parent Brother Mother Grandchild Sister Child Daughter Grandmother PersonWithASibling Son Father Grandparent Granddaughter Grandson Grandfather
2022-09-19 15:34:07,036 - ontolearn.knowledge_base:383 - INFO - E^+:[ F6F86, F9F152, F9F158, F7F106, F9F154, F7F126, F9F150, F10F195, F3F52, F3F53, F6F93, F9F160, F7F116, F2F12, F10F186, F2F19, F2F28, F6F77, F9F168, F10F192, F6F79, F6F84, F6F96, F2F14, F10F174, F7F114, F6F91, F10F179, F10F181, F10F193, F2F26, F6F72, F9F148, F9F141, F9F163, F7F119, F6F101, F5F62, F7F121, F2F36, F9F143 ]
2022-09-19 15:34:07,043 - ontolearn.knowledge_base:384 - INFO - E^-:[ F9M170, F6M81, F6F97, F5M66, F8F135, F10M188, F10F200, F2M13, F3F48, F9M151, F7F118, F10F189, F7M107, F6M69, F7M104, F6M99, F8F133, F9M142, F9F145, F9F164, F4M57, F2F30, F7M131, F6M71, F2F10, F9M146, F6F74, F10M199, F2F22, F5F65, F2F15, F8M136, F9F156, F9F169, F7F129, F7F111, F2M37, F4M59, F6M100, F4F55, F1M1 ]
2022-09-19 15:34:07,484 - ontolearn.base_concept_learner:134 - INFO - Elapsed runtime: 0.3859 seconds
2022-09-19 15:34:07,485 - ontolearn.base_concept_learner:135 - INFO - Number of concepts tested: 1
2022-09-19 15:34:07,487 - ontolearn.base_concept_learner:140 - INFO - Current best concept: <class 'ontolearn.search.EvoLearnerNode'> at 0xcd9f	Female ⊔ (∃ hasSibling.Female) ⊔ (∃ hasParent.(∃ married.Person))	Quality:0.7193	Length:11	Tree Length:8	Tree Depth:4	|Indv.|:150
2022-09-19 15:34:07,542 - ontolearn.knowledge_base:383 - INFO - E^+:[ F2M18, F6M81, F9M162, F7M131, F6M71, F10M188, F7M125, F6M92, F7M117, F9M167, F2M13, F10M199, F7M115, F10M173, F9M151, F7M123, F5M64, F9M157, F2M11, F9M166, F9M159, F6M100, F2M32, F9M153, F7M113, F10M183, F3M45, F3M44, F6M90, F10M184 ]
2022-09-19 15:34:07,545 - ontolearn.knowledge_base:384 - INFO - E^-:[ F3F41, F10F174, F3F42, F9M147, F9M149, F9F158, F9F154, F2F24, F4F58, F6F83, F6M78, F7F103, F10M194, F2F26, F6F76, F7M104, F3M50, F2F12, F2F19, F1F5, F7M109, F6M88, F3M47, F7M120, F10M196, F6F79, F1M8, F6F89, F9F164, F1M1 ]
2022-09-19 15:34:07,576 - ontolearn.base_concept_learner:134 - INFO - Elapsed runtime: 0.0091 seconds
2022-09-19 15:34:07,578 - ontolearn.base_concept_learner:135 - INFO - Number of concepts tested: 1
2022-09-19 15:34:07,582 - ontolearn.base_concept_learner:140 - INFO - Current best concept: <class 'ontolearn.search.EvoLearnerNode'> at 0x339a	Grandson ⊔ ((∃ hasParent.Mother) ⊓ (∃ hasSibling.(∃ hasParent.Female)))	Quality:0.89552	Length:11	Tree Length:8	Tree Depth:4	|Indv.|:92
2022-09-19 15:34:07,630 - ontolearn.knowledge_base:383 - INFO - E^+:[ F9M149, F9F150, F10F185, F9M144, F2M21, F10M178, F7M123, F7F118, F10F189, F6F94, F10M197, F7M113, F6M90, F10F192, F7F124, F6F79, F6M73, F9F145, F2F38, F2F30, F7M131, F9M165, F7F114, F10M176, F6F91, F10F198, F2F22, F9M155, F9F169, F9F148, F2M16, F10M183, F6M88, F2M31, F10M184, F9F160, F9M170, F6M81, F6F86, F10M188, F9F152, F6F87, F9F154, F10F175, F2M13, F10M194, F6M80, F9M151, F6M95, F2M39, F9M166, F9M159, F9F164, F9M161, F9M162, F2F14, F7F108, F7M117, F9M146, F6F74, F10F193, F2F15, F6F82, F9F156, F6M100, F9F163, F9M153, F6F101, F7M109, F10F177, F9F143 ]
2022-09-19 15:34:07,634 - ontolearn.knowledge_base:384 - INFO - E^-:[ F8M134, F2M34, F2M9, F6M75, F10M180, F8F137, F3F48, F3F53, F3F52, F7M107, F5M60, F2F12, F2M23, F8F133, F9F168, F9M142, F6F70, F5M68, F2M35, F9M147, F2F24, F2F10, F10F179, F7M130, F5F65, F7M115, F8M136, F2M11, F2M25, F7F111, F1F2, F7F119, F3M45, F4M54, F1F7, F3M40, F3F49, F6F97, F2F33, F3F42, F2M27, F4F58, F1M6, F10F195, F5F67, F10M173, F8M138, F6F93, F10M187, F7F116, F3M50, F10M190, F3M47, F7M128, F2M29, F4M57, F3F41, F6F96, F7F105, F8M132, F6M71, F6M85, F2F26, F7F129, F4F56, F3F46, F9F140, F7M120, F10M196, F5M63, F3M51 ]
2022-09-19 15:34:07,672 - ontolearn.base_concept_learner:134 - INFO - Elapsed runtime: 0.0049 seconds
2022-09-19 15:34:07,673 - ontolearn.base_concept_learner:135 - INFO - Number of concepts tested: 1
2022-09-19 15:34:07,674 - ontolearn.base_concept_learner:140 - INFO - Current best concept: <class 'ontolearn.search.EvoLearnerNode'> at 0x8df4	Male ⊓ (∃ married.(∃ hasSibling.Child))	Quality:0.24742	Length:7	Tree Length:5	Tree Depth:3	|Indv.|:34
2022-09-19 15:34:07,728 - ontolearn.knowledge_base:216 - INFO - Concepts to ignore: Parent Brother Mother Grandchild Sister Child Daughter Grandmother PersonWithASibling Son Father Grandparent Granddaughter Grandson Grandfather
2022-09-19 15:34:07,735 - ontolearn.knowledge_base:383 - INFO - E^+:[ F3F49, F6F97, F2F33, F6F86, F6F87, F7F106, F10F175, F4F58, F9F150, F3F52, F3F53, F7F118, F10F201, F6F94, F1F5, F10F192, F6F79, F9F145, F9F164, F2F38, F2F30, F6F96, F7F108, F6F83, F10F193, F2F15, F2F17, F7F129, F9F169, F9F148, F7F119, F10F177, F7F121, F1F7, F6F89, F9F143, F7F127 ]
2022-09-19 15:34:07,737 - ontolearn.knowledge_base:384 - INFO - E^-:[ F7M112, F10M188, F9F152, F9M149, F7F126, F2M13, F10F195, F10F185, F7M123, F5M60, F2F19, F6F77, F6F84, F5M68, F4M57, F9M162, F2F14, F7M131, F2M35, F9M147, F7M122, F6F74, F2F22, F7M130, F5F65, F9M155, F9M157, F10M202, F8M136, F2M37, F9F163, F2M16, F10M183, F3F46, F6M88, F10M196, F7M102 ]
2022-09-19 15:34:07,779 - ontolearn.base_concept_learner:134 - INFO - Elapsed runtime: 0.0075 seconds
2022-09-19 15:34:07,781 - ontolearn.base_concept_learner:135 - INFO - Number of concepts tested: 1
2022-09-19 15:34:07,783 - ontolearn.base_concept_learner:140 - INFO - Current best concept: <class 'ontolearn.search.EvoLearnerNode'> at 0x33d6	⊤ ⊔ (∃ married.(∃ hasChild.⊤)) ⊔ (∃ hasChild.Male)	Quality:0.66667	Length:11	Tree Length:8	Tree Depth:4	|Indv.|:202
2022-09-19 15:34:07,856 - ontolearn.knowledge_base:383 - INFO - E^+:[ F2M27, F6M92, F9M149, F2M13, F9M144, F10M180, F10M194, F10M173, F6M80, F9M151, F10M187, F7M107, F9M159, F2M32, F7M113, F2M29, F9M142, F6M90, F3M44, F9M162, F7M131, F6M71, F7M125, F10M182, F6M85, F7M122, F9M167, F6M78, F7M115, F9M157, F2M11, F2M37, F6M100, F9M153, F7M120, F10M196, F5M63, F2M20 ]
2022-09-19 15:34:07,859 - ontolearn.knowledge_base:384 - INFO - E^-:[ F6F86, F8M134, F10M188, F2M9, F5F67, F7F103, F3F53, F6M95, F10F189, F5M60, F6F76, F6F94, F2F12, F2F28, F2F38, F2F14, F10F174, F9M165, F9M147, F10F191, F7F108, F10F198, F7M117, F3M43, F2F22, F5F65, F5M64, F2F26, F6F82, F9F156, F9F148, F1F2, F7F119, F1F3, F4F55, F2F36, F6F89, F9F160 ]
2022-09-19 15:34:07,899 - ontolearn.base_concept_learner:134 - INFO - Elapsed runtime: 0.0025 seconds
2022-09-19 15:34:07,900 - ontolearn.base_concept_learner:135 - INFO - Number of concepts tested: 1
2022-09-19 15:34:07,902 - ontolearn.base_concept_learner:140 - INFO - Current best concept: <class 'ontolearn.search.EvoLearnerNode'> at 0x9e13	Male ⊓ (∃ married.⊤)	Quality:0.8642	Length:5	Tree Length:4	Tree Depth:2	|Indv.|:88
2022-09-19 15:34:07,955 - ontolearn.knowledge_base:383 - INFO - E^+:[ F8M132, F7M122, F2M9, F6M92, F3M43, F7M107, F6M69, F5M60, F7M104, F3M45, F10M171, F9M142, F2M29, F3M40, F9M139, F7M102, F2M20 ]
2022-09-19 15:34:07,956 - ontolearn.knowledge_base:384 - INFO - E^-:[ F6M81, F7F105, F8M134, F2M34, F10M182, F7F106, F10M173, F3F53, F2F17, F9F169, F7F129, F10M190, F6F101, F7M109, F9F168, F7M128, F7M120 ]
2022-09-19 15:34:07,972 - ontolearn.base_concept_learner:134 - INFO - Elapsed runtime: 0.0059 seconds
2022-09-19 15:34:07,973 - ontolearn.base_concept_learner:135 - INFO - Number of concepts tested: 1
2022-09-19 15:34:07,975 - ontolearn.base_concept_learner:140 - INFO - Current best concept: <class 'ontolearn.search.EvoLearnerNode'> at 0x2c45	Father ⊓ ((∃ hasChild.(∃ hasParent.Parent)) ⊔ (∃ married.Grandparent))	Quality:0.82927	Length:11	Tree Length:8	Tree Depth:4	|Indv.|:60
